; Log File for KISIP v6
; This file should be readable in IDL with @name.log

; FILE INFORMATION:
imagefilebasename = '/home/phk/KISIP/DATA/das4_data.fts.01'
headeroffset = 0
noisefilename = 'Filename'
startseries_suffix = 615
endseries_suffix = 615
imagesizex = 1004
imagesizey = 1004
nrofframes = 3
; IMAGE DATA INFORMATION:
arcsecperpixelx = 0.069000
arcsecperpixely = 0.069000
telescopediameter_mm = 76.000000
lambda_nm = 4567.000000
diffractionlimit_invarcsec = 0.080678
; RECONSTRUCTION INFORMATION:
reconstruction_method = 'TC'
target_subfieldsize_arcsec = 5.000000
subfieldsizex_arcsec = 8.832000
subfieldsizex_pixel = 128
nrofsubfieldsx = 14
borderoffsetx = 22
subfieldsizey_arcsec = 8.832000
subfieldsizey_pixel = 128
nrofsubfieldsy = 14
borderoffsety = 22
phasevecradius_percentofdl = 1.000000
phaseveclimit1_percentofdl = 0.100000
phaseveclimit2_percentofdl = 0.100000
iterations = 30
SNR_bispectrumthreshold = 0.800000
SNR_weightingexponent = 1.200000
subfieldapodisation_percent = 0.300000
filtercutoff_percent = 1.000000
noise_filter_used = 1
